# JRE version: OpenJDK Runtime Environment Temurin-17.0.4+8 (17.0.4+8) (build 17.0.4+8)
# Java VM: OpenJDK 64-Bit Server VM Temurin-17.0.4+8 (17.0.4+8, mixed mode, tiered, compressed oops, compressed class ptrs, parallel gc, windows-amd64)
GC Precious Log:
 CPUs: 4 total, 4 available
 Memory: 14252M
 Large Page Support: Disabled
 NUMA Support: Disabled
 Compressed Oops: Enabled (32-bit)
 Alignments: Space 512K, Generation 512K, Heap 2M
 Heap Min Capacity: 100M
 Heap Initial Capacity: 100M
 Heap Max Capacity: 1G
 Pre-touch: Disabled
 Parallel Workers: 4
Heap:
 PSYoungGen      total 66048K, used 22443K [0x00000000eab00000, 0x00000000f0900000, 0x0000000100000000)
  eden space 36864K, 60% used [0x00000000eab00000,0x00000000ec0eac50,0x00000000ecf00000)
  from space 29184K, 0% used [0x00000000ed180000,0x00000000ed180000,0x00000000eee00000)
  to   space 27648K, 0% used [0x00000000eee00000,0x00000000eee00000,0x00000000f0900000)
 ParOldGen       total 398336K, used 397873K [0x00000000c0000000, 0x00000000d8500000, 0x00000000eab00000)
  object space 398336K, 99% used [0x00000000c0000000,0x00000000d848c4d8,0x00000000d8500000)
 Metaspace       used 78061K, committed 79232K, reserved 1122304K
  class space    used 7912K, committed 8384K, reserved 1048576K
GC Heap History (20 events):
Event: 200.662 GC heap before
{Heap before GC invocations=321 (full 25):
 PSYoungGen      total 66048K, used 66036K [0x00000000eab00000, 0x00000000f1180000, 0x0000000100000000)
  eden space 32256K, 99% used [0x00000000eab00000,0x00000000eca7d568,0x00000000eca80000)
  from space 33792K, 99% used [0x00000000eed00000,0x00000000f0dffd98,0x00000000f0e00000)
  to   space 35328K, 0% used [0x00000000eca80000,0x00000000eca80000,0x00000000eed00000)
 ParOldGen       total 386560K, used 335885K [0x00000000c0000000, 0x00000000d7980000, 0x00000000eab00000)
  object space 386560K, 86% used [0x00000000c0000000,0x00000000d4803450,0x00000000d7980000)
 Metaspace       used 77498K, committed 78656K, reserved 1122304K
  class space    used 7869K, committed 8320K, reserved 1048576K
}
Event: 200.682 GC heap after
{Heap after GC invocations=321 (full 25):
 PSYoungGen      total 61952K, used 29221K [0x00000000eab00000, 0x00000000f0a00000, 0x0000000100000000)
  eden space 32256K, 0% used [0x00000000eab00000,0x00000000eab00000,0x00000000eca80000)
  from space 29696K, 98% used [0x00000000eca80000,0x00000000ee709578,0x00000000ee780000)
  to   space 31232K, 0% used [0x00000000eeb80000,0x00000000eeb80000,0x00000000f0a00000)
 ParOldGen       total 386560K, used 341408K [0x00000000c0000000, 0x00000000d7980000, 0x00000000eab00000)
  object space 386560K, 88% used [0x00000000c0000000,0x00000000d4d68338,0x00000000d7980000)
 Metaspace       used 77498K, committed 78656K, reserved 1122304K
  class space    used 7869K, committed 8320K, reserved 1048576K
}
Event: 200.827 GC heap before
{Heap before GC invocations=322 (full 25):
 PSYoungGen      total 61952K, used 61298K [0x00000000eab00000, 0x00000000f0a00000, 0x0000000100000000)
  eden space 32256K, 99% used [0x00000000eab00000,0x00000000eca533f8,0x00000000eca80000)
  from space 29696K, 98% used [0x00000000eca80000,0x00000000ee709578,0x00000000ee780000)
  to   space 31232K, 0% used [0x00000000eeb80000,0x00000000eeb80000,0x00000000f0a00000)
 ParOldGen       total 386560K, used 341408K [0x00000000c0000000, 0x00000000d7980000, 0x00000000eab00000)
  object space 386560K, 88% used [0x00000000c0000000,0x00000000d4d68338,0x00000000d7980000)
 Metaspace       used 77499K, committed 78656K, reserved 1122304K
  class space    used 7869K, committed 8320K, reserved 1048576K
}
Event: 200.845 GC heap after
{Heap after GC invocations=322 (full 25):
 PSYoungGen      total 65536K, used 31145K [0x00000000eab00000, 0x00000000f0b80000, 0x0000000100000000)
  eden space 34304K, 0% used [0x00000000eab00000,0x00000000eab00000,0x00000000ecc80000)
  from space 31232K, 99% used [0x00000000eeb80000,0x00000000f09ea7b8,0x00000000f0a00000)
  to   space 31744K, 0% used [0x00000000ecc80000,0x00000000ecc80000,0x00000000eeb80000)
 ParOldGen       total 386560K, used 341408K [0x00000000c0000000, 0x00000000d7980000, 0x00000000eab00000)
  object space 386560K, 88% used [0x00000000c0000000,0x00000000d4d68338,0x00000000d7980000)
 Metaspace       used 77499K, committed 78656K, reserved 1122304K
  class space    used 7869K, committed 8320K, reserved 1048576K
}
Event: 201.069 GC heap before
{Heap before GC invocations=323 (full 25):
 PSYoungGen      total 65536K, used 65449K [0x00000000eab00000, 0x00000000f0b80000, 0x0000000100000000)
  eden space 34304K, 99% used [0x00000000eab00000,0x00000000ecc7ffd8,0x00000000ecc80000)
  from space 31232K, 99% used [0x00000000eeb80000,0x00000000f09ea7b8,0x00000000f0a00000)
  to   space 31744K, 0% used [0x00000000ecc80000,0x00000000ecc80000,0x00000000eeb80000)
 ParOldGen       total 386560K, used 341408K [0x00000000c0000000, 0x00000000d7980000, 0x00000000eab00000)
  object space 386560K, 88% used [0x00000000c0000000,0x00000000d4d68338,0x00000000d7980000)
 Metaspace       used 77509K, committed 78656K, reserved 1122304K
  class space    used 7870K, committed 8320K, reserved 1048576K
}
Event: 201.089 GC heap after
{Heap after GC invocations=323 (full 25):
 PSYoungGen      total 66048K, used 31715K [0x00000000eab00000, 0x00000000f1180000, 0x0000000100000000)
  eden space 34304K, 0% used [0x00000000eab00000,0x00000000eab00000,0x00000000ecc80000)
  from space 31744K, 99% used [0x00000000ecc80000,0x00000000eeb78d88,0x00000000eeb80000)
  to   space 33792K, 0% used [0x00000000ef080000,0x00000000ef080000,0x00000000f1180000)
 ParOldGen       total 386560K, used 342767K [0x00000000c0000000, 0x00000000d7980000, 0x00000000eab00000)
  object space 386560K, 88% used [0x00000000c0000000,0x00000000d4ebbf80,0x00000000d7980000)
 Metaspace       used 77509K, committed 78656K, reserved 1122304K
  class space    used 7870K, committed 8320K, reserved 1048576K
}
Event: 201.902 GC heap before
{Heap before GC invocations=324 (full 25):
 PSYoungGen      total 66048K, used 65340K [0x00000000eab00000, 0x00000000f1180000, 0x0000000100000000)
  eden space 34304K, 98% used [0x00000000eab00000,0x00000000ecbd63d8,0x00000000ecc80000)
  from space 31744K, 99% used [0x00000000ecc80000,0x00000000eeb78d88,0x00000000eeb80000)
  to   space 33792K, 0% used [0x00000000ef080000,0x00000000ef080000,0x00000000f1180000)
 ParOldGen       total 386560K, used 342767K [0x00000000c0000000, 0x00000000d7980000, 0x00000000eab00000)
  object space 386560K, 88% used [0x00000000c0000000,0x00000000d4ebbf80,0x00000000d7980000)
 Metaspace       used 77874K, committed 79040K, reserved 1122304K
  class space    used 7899K, committed 8384K, reserved 1048576K
}
Event: 201.934 GC heap after
{Heap after GC invocations=324 (full 25):
 PSYoungGen      total 65024K, used 27502K [0x00000000eab00000, 0x00000000f0b80000, 0x0000000100000000)
  eden space 37376K, 0% used [0x00000000eab00000,0x00000000eab00000,0x00000000ecf80000)
  from space 27648K, 99% used [0x00000000ef080000,0x00000000f0b5b928,0x00000000f0b80000)
  to   space 29696K, 0% used [0x00000000ed180000,0x00000000ed180000,0x00000000eee80000)
 ParOldGen       total 386560K, used 353635K [0x00000000c0000000, 0x00000000d7980000, 0x00000000eab00000)
  object space 386560K, 91% used [0x00000000c0000000,0x00000000d5958f58,0x00000000d7980000)
 Metaspace       used 77874K, committed 79040K, reserved 1122304K
  class space    used 7899K, committed 8384K, reserved 1048576K
}
Event: 202.370 GC heap before
{Heap before GC invocations=325 (full 25):
 PSYoungGen      total 65024K, used 64878K [0x00000000eab00000, 0x00000000f0b80000, 0x0000000100000000)
  eden space 37376K, 100% used [0x00000000eab00000,0x00000000ecf80000,0x00000000ecf80000)
  from space 27648K, 99% used [0x00000000ef080000,0x00000000f0b5b928,0x00000000f0b80000)
  to   space 29696K, 0% used [0x00000000ed180000,0x00000000ed180000,0x00000000eee80000)
 ParOldGen       total 386560K, used 353635K [0x00000000c0000000, 0x00000000d7980000, 0x00000000eab00000)
  object space 386560K, 91% used [0x00000000c0000000,0x00000000d5958f58,0x00000000d7980000)
 Metaspace       used 77930K, committed 79104K, reserved 1122304K
  class space    used 7906K, committed 8384K, reserved 1048576K
}
Event: 202.390 GC heap after
{Heap after GC invocations=325 (full 25):
 PSYoungGen      total 66048K, used 28928K [0x00000000eab00000, 0x00000000f0900000, 0x0000000100000000)
  eden space 36864K, 0% used [0x00000000eab00000,0x00000000eab00000,0x00000000ecf00000)
  from space 29184K, 99% used [0x00000000ed180000,0x00000000eedc0200,0x00000000eee00000)
  to   space 27648K, 0% used [0x00000000eee00000,0x00000000eee00000,0x00000000f0900000)
 ParOldGen       total 386560K, used 353635K [0x00000000c0000000, 0x00000000d7980000, 0x00000000eab00000)
  object space 386560K, 91% used [0x00000000c0000000,0x00000000d5958f58,0x00000000d7980000)
 Metaspace       used 77930K, committed 79104K, reserved 1122304K
  class space    used 7906K, committed 8384K, reserved 1048576K
}
Event: 203.343 GC heap before
{Heap before GC invocations=326 (full 25):
 PSYoungGen      total 66048K, used 65792K [0x00000000eab00000, 0x00000000f0900000, 0x0000000100000000)
  eden space 36864K, 100% used [0x00000000eab00000,0x00000000ecf00000,0x00000000ecf00000)
  from space 29184K, 99% used [0x00000000ed180000,0x00000000eedc0200,0x00000000eee00000)
  to   space 27648K, 0% used [0x00000000eee00000,0x00000000eee00000,0x00000000f0900000)
 ParOldGen       total 386560K, used 353635K [0x00000000c0000000, 0x00000000d7980000, 0x00000000eab00000)
  object space 386560K, 91% used [0x00000000c0000000,0x00000000d5958f58,0x00000000d7980000)
 Metaspace       used 77997K, committed 79168K, reserved 1122304K
  class space    used 7908K, committed 8384K, reserved 1048576K
}
Event: 203.386 GC heap after
{Heap after GC invocations=326 (full 25):
 PSYoungGen      total 64512K, used 27637K [0x00000000eab00000, 0x00000000f0900000, 0x0000000100000000)
  eden space 36864K, 0% used [0x00000000eab00000,0x00000000eab00000,0x00000000ecf00000)
  from space 27648K, 99% used [0x00000000eee00000,0x00000000f08fd410,0x00000000f0900000)
  to   space 29184K, 0% used [0x00000000ed180000,0x00000000ed180000,0x00000000eee00000)
 ParOldGen       total 386560K, used 370497K [0x00000000c0000000, 0x00000000d7980000, 0x00000000eab00000)
  object space 386560K, 95% used [0x00000000c0000000,0x00000000d69d05a8,0x00000000d7980000)
 Metaspace       used 77997K, committed 79168K, reserved 1122304K
  class space    used 7908K, committed 8384K, reserved 1048576K
}
Event: 203.386 GC heap before
{Heap before GC invocations=327 (full 26):
 PSYoungGen      total 64512K, used 27637K [0x00000000eab00000, 0x00000000f0900000, 0x0000000100000000)
  eden space 36864K, 0% used [0x00000000eab00000,0x00000000eab00000,0x00000000ecf00000)
  from space 27648K, 99% used [0x00000000eee00000,0x00000000f08fd410,0x00000000f0900000)
  to   space 29184K, 0% used [0x00000000ed180000,0x00000000ed180000,0x00000000eee00000)
 ParOldGen       total 386560K, used 370497K [0x00000000c0000000, 0x00000000d7980000, 0x00000000eab00000)
  object space 386560K, 95% used [0x00000000c0000000,0x00000000d69d05a8,0x00000000d7980000)
 Metaspace       used 77997K, committed 79168K, reserved 1122304K
  class space    used 7908K, committed 8384K, reserved 1048576K
}
Event: 203.811 GC heap after
{Heap after GC invocations=327 (full 26):
 PSYoungGen      total 64512K, used 10438K [0x00000000eab00000, 0x00000000f0900000, 0x0000000100000000)
  eden space 36864K, 0% used [0x00000000eab00000,0x00000000eab00000,0x00000000ecf00000)
  from space 27648K, 37% used [0x00000000eee00000,0x00000000ef831898,0x00000000f0900000)
  to   space 29184K, 0% used [0x00000000ed180000,0x00000000ed180000,0x00000000eee00000)
 ParOldGen       total 386560K, used 386507K [0x00000000c0000000, 0x00000000d7980000, 0x00000000eab00000)
  object space 386560K, 99% used [0x00000000c0000000,0x00000000d7972c38,0x00000000d7980000)
 Metaspace       used 77997K, committed 79168K, reserved 1122304K
  class space    used 7908K, committed 8384K, reserved 1048576K
}
Event: 204.200 GC heap before
{Heap before GC invocations=328 (full 27):
 PSYoungGen      total 64512K, used 40572K [0x00000000eab00000, 0x00000000f0900000, 0x0000000100000000)
  eden space 36864K, 81% used [0x00000000eab00000,0x00000000ec86db08,0x00000000ecf00000)
  from space 27648K, 37% used [0x00000000eee00000,0x00000000ef831898,0x00000000f0900000)
  to   space 29184K, 0% used [0x00000000ed180000,0x00000000ed180000,0x00000000eee00000)
 ParOldGen       total 386560K, used 386507K [0x00000000c0000000, 0x00000000d7980000, 0x00000000eab00000)
  object space 386560K, 99% used [0x00000000c0000000,0x00000000d7972c38,0x00000000d7980000)
 Metaspace       used 78022K, committed 79168K, reserved 1122304K
  class space    used 7910K, committed 8384K, reserved 1048576K
}
Event: 204.637 GC heap after
{Heap after GC invocations=328 (full 27):
 PSYoungGen      total 66048K, used 23873K [0x00000000eab00000, 0x00000000f0900000, 0x0000000100000000)
  eden space 36864K, 64% used [0x00000000eab00000,0x00000000ec2507b0,0x00000000ecf00000)
  from space 29184K, 0% used [0x00000000ed180000,0x00000000ed180000,0x00000000eee00000)
  to   space 27648K, 0% used [0x00000000eee00000,0x00000000eee00000,0x00000000f0900000)
 ParOldGen       total 386560K, used 386330K [0x00000000c0000000, 0x00000000d7980000, 0x00000000eab00000)
  object space 386560K, 99% used [0x00000000c0000000,0x00000000d7946be0,0x00000000d7980000)
 Metaspace       used 78022K, committed 79168K, reserved 1122304K
  class space    used 7910K, committed 8384K, reserved 1048576K
}
Event: 204.638 GC heap before
{Heap before GC invocations=329 (full 28):
 PSYoungGen      total 66048K, used 35745K [0x00000000eab00000, 0x00000000f0900000, 0x0000000100000000)
  eden space 36864K, 96% used [0x00000000eab00000,0x00000000ecde8548,0x00000000ecf00000)
  from space 29184K, 0% used [0x00000000ed180000,0x00000000ed180000,0x00000000eee00000)
  to   space 27648K, 0% used [0x00000000eee00000,0x00000000eee00000,0x00000000f0900000)
 ParOldGen       total 386560K, used 386330K [0x00000000c0000000, 0x00000000d7980000, 0x00000000eab00000)
  object space 386560K, 99% used [0x00000000c0000000,0x00000000d7946be0,0x00000000d7980000)
 Metaspace       used 78022K, committed 79168K, reserved 1122304K
  class space    used 7910K, committed 8384K, reserved 1048576K
}
Event: 204.980 GC heap after
{Heap after GC invocations=329 (full 28):
 PSYoungGen      total 64512K, used 35396K [0x00000000eab00000, 0x00000000f0900000, 0x0000000100000000)
  eden space 36864K, 96% used [0x00000000eab00000,0x00000000ecd910c0,0x00000000ecf00000)
  from space 27648K, 0% used [0x00000000eee00000,0x00000000eee00000,0x00000000f0900000)
  to   space 29184K, 0% used [0x00000000ed180000,0x00000000ed180000,0x00000000eee00000)
 ParOldGen       total 386560K, used 386330K [0x00000000c0000000, 0x00000000d7980000, 0x00000000eab00000)
  object space 386560K, 99% used [0x00000000c0000000,0x00000000d7946ac0,0x00000000d7980000)
 Metaspace       used 78022K, committed 79168K, reserved 1122304K
  class space    used 7910K, committed 8384K, reserved 1048576K
}
Event: 205.015 GC heap before
{Heap before GC invocations=330 (full 29):
 PSYoungGen      total 64512K, used 36864K [0x00000000eab00000, 0x00000000f0900000, 0x0000000100000000)
  eden space 36864K, 100% used [0x00000000eab00000,0x00000000ecf00000,0x00000000ecf00000)
  from space 27648K, 0% used [0x00000000eee00000,0x00000000eee00000,0x00000000f0900000)
  to   space 29184K, 0% used [0x00000000ed180000,0x00000000ed180000,0x00000000eee00000)
 ParOldGen       total 398336K, used 397852K [0x00000000c0000000, 0x00000000d8500000, 0x00000000eab00000)
  object space 398336K, 99% used [0x00000000c0000000,0x00000000d8487238,0x00000000d8500000)
 Metaspace       used 78036K, committed 79232K, reserved 1122304K
  class space    used 7912K, committed 8384K, reserved 1048576K
}
Event: 205.459 GC heap after
{Heap after GC invocations=330 (full 29):
 PSYoungGen      total 66048K, used 4989K [0x00000000eab00000, 0x00000000f0900000, 0x0000000100000000)
  eden space 36864K, 13% used [0x00000000eab00000,0x00000000eafdf7b0,0x00000000ecf00000)
  from space 29184K, 0% used [0x00000000ed180000,0x00000000ed180000,0x00000000eee00000)
  to   space 27648K, 0% used [0x00000000eee00000,0x00000000eee00000,0x00000000f0900000)
 ParOldGen       total 398336K, used 397873K [0x00000000c0000000, 0x00000000d8500000, 0x00000000eab00000)
  object space 398336K, 99% used [0x00000000c0000000,0x00000000d848c4d8,0x00000000d8500000)
 Metaspace       used 78036K, committed 79232K, reserved 1122304K
  class space    used 7912K, committed 8384K, reserved 1048576K
}

